  ShortestPath.cpp
d:\thesis\chu_viet_tay\code\opencv_test\opencv_test\shortestpath.h(6): fatal error C1083: Cannot open include file: 'opencv2/core/core.hpp': No such file or directory
  Sample.cpp
d:\thesis\chu_viet_tay\code\opencv_test\opencv_test\sample.cpp : warning C4819: The file contains a character that cannot be represented in the current code page (932). Save the file in Unicode format to prevent data loss
d:\thesis\chu_viet_tay\code\opencv_test\opencv_test\sample.cpp(4): fatal error C1083: Cannot open include file: 'opencv2/core/core.hpp': No such file or directory
  Obstructing.cpp
d:\thesis\chu_viet_tay\code\opencv_test\opencv_test\obstructing.h(4): fatal error C1083: Cannot open include file: 'opencv2/core/core.hpp': No such file or directory
  MatModifies.cpp
d:\thesis\chu_viet_tay\code\opencv_test\opencv_test\matmodifies.h(4): fatal error C1083: Cannot open include file: 'opencv2/core/core.hpp': No such file or directory
  Generating Code...
